<?xml version="1.0" encoding="UTF-8"?>
<!-- Generated by org.testng.reporters.JUnitReportReporter -->
<testsuite hostname="DESKTOP-8SS3PQ4" failures="0" tests="1" name="BDDCucumberRunnerFile.RunnerFile" time="11.822" errors="0" timestamp="2023-12-08T14:05:21 SAST" skipped="0">
  <testcase classname="BDDCucumberRunnerFile.RunnerFile" name="runScenario" time="11.822"/>
  <system-out/>
</testsuite> <!-- BDDCucumberRunnerFile.RunnerFile -->
